#
# A fatal error has been detected by the Java Runtime Environment:
#
#  EXCEPTION_ACCESS_VIOLATION (0xc0000005) at pc=0x000007fee7f30e3e, pid=3688, tid=0x0000000000001fd4
#
# JRE version: Java(TM) SE Runtime Environment (8.0_121-b13) (build 1.8.0_121-b13)
# Java VM: Java HotSpot(TM) 64-Bit Server VM (25.121-b13 mixed mode windows-amd64 compressed oops)
# Problematic frame:
# C  [jcef.dll+0x20e3e]
#
# Failed to write core dump. Minidumps are not enabled by default on client versions of Windows
#
# If you would like to submit a bug report, please visit:
#   http://bugreport.java.com/bugreport/crash.jsp
#

---------------  T H R E A D  ---------------

Current thread (0x0000000057842000):  VMThread [stack: 0x0000000059960000,0x0000000059a60000] [id=8148]

siginfo: ExceptionCode=0xc0000005, reading address 0x00000000000000b0

Registers:
RAX=0x0000000000000000, RBX=0x00000000647d4060, RCX=0x00000000578421f8, RDX=0x000000005d46da90
RSP=0x0000000059a5ef20, RBP=0x0000000000000001, RSI=0x0000000068d60940, RDI=0x000000006487d120
R8 =0x0000000000000001, R9 =0x0000000000000000, R10=0x0000000059a5ef80, R11=0x0000005000b8001e
R12=0x000000000037d810, R13=0x000000000037d7c0, R14=0x000007fee7fdb1b8, R15=0x0000000059a5f250
RIP=0x000007fee7f30e3e, EFLAGS=0x0000000000010202

Top of Stack: (sp=0x0000000059a5ef20)
0x0000000059a5ef20:   00000000647d4060 000007fecf339417
0x0000000059a5ef30:   0000000059a5f250 000007fee7fdb1b8
0x0000000059a5ef40:   fffffffffffffffe 0000000000000000
0x0000000059a5ef50:   0000000000000000 0000000068d60940
0x0000000059a5ef60:   00009ed5c3013983 000007fee7f304b6
0x0000000059a5ef70:   0000000000000001 00000000647d4060
0x0000000059a5ef80:   00000000578421f8 000007fee7fdb1b8
0x0000000059a5ef90:   0000000068d68a00 000007fee7f60522
0x0000000059a5efa0:   000000000037d810 0000000000000000
0x0000000059a5efb0:   0000000068e19428 00009ed5c3013983
0x0000000059a5efc0:   00000000693e44e0 000007fee7f5cc63
0x0000000059a5efd0:   0000000059a5f250 000007fee7fdb1b8
0x0000000059a5efe0:   000000000037d810 0000000000000000
0x0000000059a5eff0:   fffffffffffffffe 00009ed5c3013983
0x0000000059a5f000:   00000000693e44e0 000007fecee39f60
0x0000000059a5f010:   000007fefc0bc418 000000000037d7c0 

Instructions: (pc=0x000007fee7f30e3e)
0x000007fee7f30e1e:   48 8d 4c 24 60 e8 18 97 00 00 90 85 c0 75 23 48
0x000007fee7f30e2e:   8b 4c 24 60 48 85 c9 74 19 48 8b 01 48 8b 57 a0
0x000007fee7f30e3e:   ff 90 b0 00 00 00 90 48 8d 4c 24 50 e8 b1 89 00
0x000007fee7f30e4e:   00 90 48 8d 4f c8 e8 77 99 02 00 90 4c 8b 47 b8 


Register to memory mapping:

RAX=0x0000000000000000 is an unknown value
RBX=0x00000000647d4060 is an unknown value
RCX=0x00000000578421f8 is an unknown value
RDX=0x000000005d46da90 is a global jni handle
RSP=0x0000000059a5ef20 is an unknown value
RBP=0x0000000000000001 is an unknown value
RSI=0x0000000068d60940 is an unknown value
RDI=0x000000006487d120 is an unknown value
R8 =0x0000000000000001 is an unknown value
R9 =0x0000000000000000 is an unknown value
R10=0x0000000059a5ef80 is an unknown value
R11=0x0000005000b8001e is an unknown value
R12=0x000000000037d810 is an unknown value
R13=0x000000000037d7c0 is an unknown value
R14=0x000007fee7fdb1b8 is an unknown value
R15=0x0000000059a5f250 is an unknown value


Stack: [0x0000000059960000,0x0000000059a60000],  sp=0x0000000059a5ef20,  free space=1019k
Native frames: (J=compiled Java code, j=interpreted, Vv=VM code, C=native code)
C  [jcef.dll+0x20e3e]
C  [jcef.dll+0x204b6]
C  [jcef.dll+0x50522]
C  [jcef.dll+0x4cc63]
C  [libcef.dll+0x29f60]
C  [libcef.dll+0x1743d8d]
C  [libcef.dll+0x174f9ff]
C  [libcef.dll+0x174f997]
C  [libcef.dll+0xdfcb]
C  [libcef.dll+0xb255]
C  [jcef.dll+0x3d921]
C  [jcef.dll+0x3b25d]
C  [jcef.dll+0x3b4d5]
C  [jcef.dll+0x89528]
C  [jcef.dll+0x749d4]
C  [jcef.dll+0x74719]
C  [jcef.dll+0x74ac1]
C  [jcef.dll+0x73f28]
C  [jcef.dll+0x73e91]
C  [jcef.dll+0x7402b]
C  [jcef.dll+0x68b13]
C  [jcef.dll+0x69278]
C  [jcef.dll+0x693ac]
C  [ntdll.dll+0x375eb]
C  [ntdll.dll+0x3c040]
C  [msvcr100.dll+0x20ccd]
V  [jvm.dll+0x212cb5]
V  [jvm.dll+0x24bd17]
V  [jvm.dll+0x24afb6]
V  [jvm.dll+0x24b451]
V  [jvm.dll+0x24b66e]
V  [jvm.dll+0x29c69a]
C  [msvcr100.dll+0x21d9f]
C  [msvcr100.dll+0x21e3b]
C  [kernel32.dll+0x159cd]
C  [ntdll.dll+0x5383d]

VM_Operation (0x000000006840dcb0): Exit, mode: safepoint, requested by thread 0x000000005f33f800


---------------  P R O C E S S  ---------------

Java Threads: ( => current thread )
  0x000000005f33f800 JavaThread "AWT-EventQueue-0" [_thread_blocked, id=7724, stack(0x0000000068310000,0x0000000068410000)]
  0x000000005f340000 JavaThread "AWT-Shutdown" [_thread_blocked, id=5148, stack(0x0000000065720000,0x0000000065820000)]
  0x000000005d0ca000 JavaThread "Console: Thread-48" daemon [_thread_in_native, id=7160, stack(0x0000000062880000,0x0000000062980000)]
  0x000000005d0ca800 JavaThread "Console: Thread-47" daemon [_thread_in_native, id=4996, stack(0x000000006e6e0000,0x000000006e7e0000)]
  0x000000005ad0b800 JavaThread "Console: Thread-46" daemon [_thread_in_native, id=2552, stack(0x000000006e370000,0x000000006e470000)]
  0x000000005d0cb800 JavaThread "Console: Thread-45" daemon [_thread_in_native, id=5680, stack(0x000000006d0d0000,0x000000006d1d0000)]
  0x000000005d0c9000 JavaThread "Worker: Thread-10" daemon [_thread_blocked, id=9336, stack(0x0000000070e10000,0x0000000070f10000)]
  0x000000005d0c8800 JavaThread "Worker: Thread-9" daemon [_thread_blocked, id=1140, stack(0x000000006eda0000,0x000000006eea0000)]
  0x000000005d0c7800 JavaThread "Worker: Thread-8" daemon [_thread_blocked, id=1756, stack(0x0000000070cb0000,0x0000000070db0000)]
  0x000000005d0c7000 JavaThread "Worker: Thread-7" daemon [_thread_blocked, id=1252, stack(0x0000000070b10000,0x0000000070c10000)]
  0x000000005d0c6000 JavaThread "Worker: Thread-6" daemon [_thread_blocked, id=6520, stack(0x00000000707e0000,0x00000000708e0000)]
  0x000000005d0c5800 JavaThread "Worker: Thread-5" daemon [_thread_blocked, id=4968, stack(0x0000000070940000,0x0000000070a40000)]
  0x000000005d0c4800 JavaThread "Worker: Thread-4" daemon [_thread_blocked, id=4392, stack(0x000000006f010000,0x000000006f110000)]
  0x000000005ced5800 JavaThread "Worker: Thread-3" daemon [_thread_blocked, id=9856, stack(0x000000006f5b0000,0x000000006f6b0000)]
  0x000000005f33e800 JavaThread "Worker: Thread-2" daemon [_thread_blocked, id=8920, stack(0x000000006f460000,0x000000006f560000)]
  0x000000005ad10800 JavaThread "Worker: Thread-1" daemon [_thread_blocked, id=8336, stack(0x0000000062d40000,0x0000000062e40000)]
  0x000000005ad10000 JavaThread "Worker: FrameCollector: Thread-45" [_thread_blocked, id=7764, stack(0x000000006f110000,0x000000006f210000)]
  0x000000005ad0f000 JavaThread "Worker: FrameCollector: Thread-44" [_thread_blocked, id=1220, stack(0x000000006dba0000,0x000000006dca0000)]
  0x000000005ad0e800 JavaThread "Worker: FrameCollector: Thread-43" [_thread_blocked, id=6352, stack(0x000000006cfb0000,0x000000006d0b0000)]
  0x000000005ad0d800 JavaThread "Worker: FrameCollector: Thread-42" [_thread_blocked, id=8476, stack(0x000000006d4b0000,0x000000006d5b0000)]
  0x000000005d515800 JavaThread "Worker: FrameCollector: Thread-41" [_thread_blocked, id=9476, stack(0x000000006df00000,0x000000006e000000)]
  0x000000005ad0a000 JavaThread "Worker: Thread-5" daemon [_thread_blocked, id=6208, stack(0x000000006e1e0000,0x000000006e2e0000)]
  0x000000005d517800 JavaThread "Worker: Thread-4" daemon [_thread_blocked, id=8088, stack(0x000000006e0a0000,0x000000006e1a0000)]
  0x000000005d517000 JavaThread "Worker: Thread-3" daemon [_thread_blocked, id=10152, stack(0x000000006a1e0000,0x000000006a2e0000)]
  0x000000005d516000 JavaThread "Worker: Thread-2" daemon [_thread_blocked, id=1168, stack(0x000000006d6c0000,0x000000006d7c0000)]
  0x000000005f341000 JavaThread "Worker: Thread-1" daemon [_thread_blocked, id=8540, stack(0x000000006c5d0000,0x000000006c6d0000)]
  0x000000005d514800 JavaThread "Worker: Operation: Thread-39" [_thread_blocked, id=4576, stack(0x0000000067860000,0x0000000067960000)]
  0x000000005d514000 JavaThread "Worker: Operation: Thread-38" [_thread_blocked, id=7384, stack(0x000000006da80000,0x000000006db80000)]
  0x000000005d513000 JavaThread "Worker: Operation: Thread-37" [_thread_blocked, id=708, stack(0x000000006d8f0000,0x000000006d9f0000)]
  0x000000005d512800 JavaThread "Worker: Operation: Thread-36" [_thread_blocked, id=1556, stack(0x000000006d7c0000,0x000000006d8c0000)]
  0x000000005d511800 JavaThread "Worker: Operation: Thread-35" [_thread_blocked, id=10064, stack(0x000000006d5b0000,0x000000006d6b0000)]
  0x000000005ecd2000 JavaThread "Worker: Operation: Thread-34" [_thread_blocked, id=6392, stack(0x000000006d3b0000,0x000000006d4b0000)]
  0x000000005ecd1000 JavaThread "Worker: Operation: Thread-33" [_thread_blocked, id=2908, stack(0x000000006bb30000,0x000000006bc30000)]
  0x000000005ecd0800 JavaThread "Worker: RequestDispatcher: Thread-32" [_thread_blocked, id=7496, stack(0x000000006b8a0000,0x000000006b9a0000)]
  0x000000005eccf800 JavaThread "Worker: RequestDispatcher: Thread-31" [_thread_blocked, id=5616, stack(0x000000006b730000,0x000000006b830000)]
  0x000000005eccf000 JavaThread "Worker: RequestDispatcher: Thread-30" [_thread_blocked, id=8156, stack(0x000000006b490000,0x000000006b590000)]
  0x000000005ecce000 JavaThread "Worker: RequestDispatcher: Thread-29" [_thread_blocked, id=4012, stack(0x000000006b630000,0x000000006b730000)]
  0x000000005eccd800 JavaThread "Worker: RequestReader: Thread-28" [_thread_blocked, id=5496, stack(0x000000006b180000,0x000000006b280000)]
  0x000000005eccc800 JavaThread "Worker: RequestReader: Thread-27" [_thread_blocked, id=6232, stack(0x000000006b340000,0x000000006b440000)]
  0x000000005eccc000 JavaThread "Worker: RequestDispatcher: Thread-26" [_thread_blocked, id=5464, stack(0x000000006ad50000,0x000000006ae50000)]
  0x000000005eccb000 JavaThread "Worker: RequestReader: Thread-25" [_thread_blocked, id=8564, stack(0x000000006b050000,0x000000006b150000)]
  0x000000005cedc000 JavaThread "Worker: RequestReader: Thread-24" [_thread_blocked, id=7412, stack(0x000000006ae60000,0x000000006af60000)]
  0x000000005cedb000 JavaThread "Worker: RequestDispatcher: Thread-23" [_thread_blocked, id=2028, stack(0x0000000069dc0000,0x0000000069ec0000)]
  0x000000005ceda800 JavaThread "Worker: RequestReader: Thread-22" [_thread_blocked, id=7380, stack(0x000000006a4b0000,0x000000006a5b0000)]
  0x000000005ced9800 JavaThread "Worker: RequestDispatcher: Thread-21" [_thread_blocked, id=2384, stack(0x000000006aba0000,0x000000006aca0000)]
  0x000000005ced9000 JavaThread "Worker: RequestReader: Thread-20" [_thread_blocked, id=8720, stack(0x000000006aa30000,0x000000006ab30000)]
  0x000000005ced8000 JavaThread "Worker: RequestReader: Thread-19" [_thread_blocked, id=8288, stack(0x000000006a930000,0x000000006aa30000)]
  0x000000005ced7800 JavaThread "Worker: RequestDispatcher: Thread-18" [_thread_blocked, id=6732, stack(0x000000006a7b0000,0x000000006a8b0000)]
  0x000000005ced6800 JavaThread "Worker: RequestReader: Thread-17" [_thread_blocked, id=9268, stack(0x000000006a630000,0x000000006a730000)]
  0x000000005ced5000 JavaThread "Worker: Operation: Thread-16" [_thread_blocked, id=5256, stack(0x000000006d200000,0x000000006d300000)]
  0x000000005f343000 JavaThread "Thread-15" daemon [_thread_in_native, id=8168, stack(0x0000000067340000,0x0000000067440000)]
  0x000000005ce67800 JavaThread "Thread-13" daemon [_thread_in_native, id=3768, stack(0x00000000671e0000,0x00000000672e0000)]
  0x000000005f342800 JavaThread "TimerQueue" daemon [_thread_blocked, id=7488, stack(0x000000006c6e0000,0x000000006c7e0000)]
  0x000000005f33e000 JavaThread "DestroyJavaVM" [_thread_blocked, id=9728, stack(0x0000000002150000,0x0000000002250000)]
  0x000000005f33d000 JavaThread "ProcessAgentPinger: Thread-1" daemon [_thread_blocked, id=8600, stack(0x0000000062b30000,0x0000000062c30000)]
  0x000000005f33c800 JavaThread "ConsoleChecker: Thread-1" daemon [_thread_blocked, id=3008, stack(0x00000000629b0000,0x0000000062ab0000)]
  0x000000005ce67000 JavaThread "ActionDistributor: Thread-7" [_thread_in_native, id=7296, stack(0x00000000621e0000,0x00000000622e0000)]
  0x000000005ce66000 JavaThread "ActionDistributor: Thread-6" [_thread_in_native, id=3692, stack(0x00000000625b0000,0x00000000626b0000)]
  0x000000005ce65800 JavaThread "ActionDistributor: Thread-5" [_thread_in_native, id=7908, stack(0x0000000062450000,0x0000000062550000)]
  0x000000005ce64800 JavaThread "ActionDistributor: Thread-4" [_thread_in_native, id=9860, stack(0x00000000622f0000,0x00000000623f0000)]
  0x000000005ce64000 JavaThread "Worker: Thread-10" daemon [_thread_blocked, id=1976, stack(0x000000005e1b0000,0x000000005e2b0000)]
  0x000000005ce63000 JavaThread "Worker: Thread-9" daemon [_thread_blocked, id=6300, stack(0x000000005c940000,0x000000005ca40000)]
  0x000000005ce62800 JavaThread "Worker: Thread-8" daemon [_thread_blocked, id=6348, stack(0x000000005b8f0000,0x000000005b9f0000)]
  0x000000005ce61800 JavaThread "Worker: Thread-7" daemon [_thread_blocked, id=7388, stack(0x000000005c450000,0x000000005c550000)]
  0x000000005ce61000 JavaThread "ActionDistributor: Thread-3" [_thread_in_native, id=8788, stack(0x000000005c090000,0x000000005c190000)]
  0x0000000060303000 JavaThread "Worker: Thread-6" daemon [_thread_blocked, id=6624, stack(0x000000005bd20000,0x000000005be20000)]
  0x0000000060300000 JavaThread "Worker: Thread-5" daemon [_thread_blocked, id=5300, stack(0x000000005bbc0000,0x000000005bcc0000)]
  0x000000005aed5800 JavaThread "Worker: Thread-4" daemon [_thread_blocked, id=8360, stack(0x000000005ba00000,0x000000005bb00000)]
  0x000000005aed4000 JavaThread "Worker: Thread-3" daemon [_thread_blocked, id=5452, stack(0x000000005b780000,0x000000005b880000)]
  0x000000005aed3800 JavaThread "Worker: Thread-2" daemon [_thread_blocked, id=5140, stack(0x000000005b600000,0x000000005b700000)]
  0x000000005aed2800 JavaThread "Worker: Thread-1" daemon [_thread_blocked, id=10148, stack(0x000000005b4c0000,0x000000005b5c0000)]
  0x000000005ab7a800 JavaThread "Java2D Disposer" daemon [_thread_blocked, id=10056, stack(0x000000005a470000,0x000000005a570000)]
  0x00000000589a9000 JavaThread "Service Thread" daemon [_thread_blocked, id=8000, stack(0x000000005a5e0000,0x000000005a6e0000)]
  0x0000000058970000 JavaThread "C1 CompilerThread3" daemon [_thread_blocked, id=5688, stack(0x000000005a360000,0x000000005a460000)]
  0x0000000058955000 JavaThread "C2 CompilerThread2" daemon [_thread_blocked, id=7792, stack(0x0000000059820000,0x0000000059920000)]
  0x0000000058915000 JavaThread "C2 CompilerThread1" daemon [_thread_blocked, id=1644, stack(0x000000005a240000,0x000000005a340000)]
  0x000000005890d800 JavaThread "C2 CompilerThread0" daemon [_thread_blocked, id=8632, stack(0x000000005a070000,0x000000005a170000)]
  0x0000000058908000 JavaThread "Attach Listener" daemon [_thread_blocked, id=5328, stack(0x0000000059e40000,0x0000000059f40000)]
  0x0000000058906800 JavaThread "Signal Dispatcher" daemon [_thread_blocked, id=5100, stack(0x0000000059d30000,0x0000000059e30000)]
  0x0000000057852000 JavaThread "Finalizer" daemon [_thread_blocked, id=3404, stack(0x0000000059be0000,0x0000000059ce0000)]
  0x000000005784b000 JavaThread "Reference Handler" daemon [_thread_blocked, id=6240, stack(0x0000000059ad0000,0x0000000059bd0000)]

Other Threads:
=>0x0000000057842000 VMThread [stack: 0x0000000059960000,0x0000000059a60000] [id=8148]

VM state:at safepoint (shutting down)

VM Mutex/Monitor currently owned by a thread:  ([mutex/lock_event])
[0x0000000001e29900] Threads_lock - owner thread: 0x0000000057842000

Heap:
 PSYoungGen      total 396288K, used 141799K [0x00000000d5d00000, 0x00000000fa600000, 0x0000000100000000)
  eden space 390144K, 34% used [0x00000000d5d00000,0x00000000de1cb098,0x00000000eda00000)
  from space 6144K, 94% used [0x00000000ee980000,0x00000000eef2ed98,0x00000000eef80000)
  to   space 104448K, 0% used [0x00000000f4000000,0x00000000f4000000,0x00000000fa600000)
 ParOldGen       total 309248K, used 177445K [0x0000000081600000, 0x0000000094400000, 0x00000000d5d00000)
  object space 309248K, 57% used [0x0000000081600000,0x000000008c349698,0x0000000094400000)
 Metaspace       used 43574K, capacity 44228K, committed 44460K, reserved 1087488K
  class space    used 5684K, capacity 5840K, committed 5888K, reserved 1048576K

Card table byte_map: [0x00000000118e0000,0x0000000011ce0000] byte_map_base: 0x00000000114d5000

Marking Bits: (ParMarkBitMap*) 0x000000006564b6d0
 Begin Bits: [0x0000000012b10000, 0x0000000014ab8000)
 End Bits:   [0x0000000014ab8000, 0x0000000016a60000)

Polling page: 0x0000000000200000

CodeCache: size=245760Kb used=20493Kb max_used=20602Kb free=225266Kb
 bounds [0x0000000002520000, 0x0000000003970000, 0x0000000011520000]
 total_blobs=6520 nmethods=5913 adapters=518
 compilation: enabled

Compilation events (10 events):
Event: 4270.196 Thread 0x000000005890d800 7738       4       org.springframework.core.ResolvableType$1::isAssignableFrom (9 bytes)
Event: 4270.197 Thread 0x0000000058970000 7736       3       org.springframework.core.ResolvableType::getGenerics (134 bytes)
Event: 4270.199 Thread 0x0000000058970000 nmethod 7736 0x00000000032752d0 code [0x0000000003275520, 0x0000000003276558]
Event: 4270.199 Thread 0x0000000058970000 7737       3       java.util.logging.LogManager::checkPermission (17 bytes)
Event: 4270.199 Thread 0x0000000058970000 nmethod 7737 0x0000000002cdd710 code [0x0000000002cdd880, 0x0000000002cddb48]
Event: 4270.210 Thread 0x0000000058970000 7739       1       org.springframework.context.support.GenericApplicationContext::getBeanFactory (5 bytes)
Event: 4270.210 Thread 0x0000000058970000 nmethod 7739 0x0000000003868490 code [0x00000000038685e0, 0x00000000038686f0]
Event: 4270.212 Thread 0x000000005890d800 nmethod 7738 0x00000000031dbe90 code [0x00000000031dc000, 0x00000000031dc2c8]
Event: 4270.223 Thread 0x0000000058970000 7740   !   3       java.util.concurrent.ConcurrentHashMap::clear (176 bytes)
Event: 4270.225 Thread 0x0000000058970000 nmethod 7740 0x00000000037eacd0 code [0x00000000037eaec0, 0x00000000037ebb58]

GC Heap History (10 events):
Event: 1354.628 GC heap before
{Heap before GC invocations=57 (full 5):
 PSYoungGen      total 525824K, used 404683K [0x00000000d5d00000, 0x00000000fe700000, 0x0000000100000000)
  eden space 399360K, 100% used [0x00000000d5d00000,0x00000000ee300000,0x00000000ee300000)
  from space 126464K, 4% used [0x00000000f6b80000,0x00000000f70b2e18,0x00000000fe700000)
  to   space 133120K, 0% used [0x00000000ee300000,0x00000000ee300000,0x00000000f6500000)
 ParOldGen       total 309248K, used 177429K [0x0000000081600000, 0x0000000094400000, 0x00000000d5d00000)
  object space 309248K, 57% used [0x0000000081600000,0x000000008c345698,0x0000000094400000)
 Metaspace       used 43447K, capacity 44088K, committed 44460K, reserved 1087488K
  class space    used 5666K, capacity 5838K, committed 5888K, reserved 1048576K
Event: 1354.669 GC heap after
Heap after GC invocations=57 (full 5):
 PSYoungGen      total 405504K, used 5707K [0x00000000d5d00000, 0x00000000fe100000, 0x0000000100000000)
  eden space 399360K, 0% used [0x00000000d5d00000,0x00000000d5d00000,0x00000000ee300000)
  from space 6144K, 92% used [0x00000000ee300000,0x00000000ee892e18,0x00000000ee900000)
  to   space 127488K, 0% used [0x00000000f6480000,0x00000000f6480000,0x00000000fe100000)
 ParOldGen       total 309248K, used 177437K [0x0000000081600000, 0x0000000094400000, 0x00000000d5d00000)
  object space 309248K, 57% used [0x0000000081600000,0x000000008c347698,0x0000000094400000)
 Metaspace       used 43447K, capacity 44088K, committed 44460K, reserved 1087488K
  class space    used 5666K, capacity 5838K, committed 5888K, reserved 1048576K
}
Event: 1448.438 GC heap before
{Heap before GC invocations=58 (full 5):
 PSYoungGen      total 405504K, used 405067K [0x00000000d5d00000, 0x00000000fe100000, 0x0000000100000000)
  eden space 399360K, 100% used [0x00000000d5d00000,0x00000000ee300000,0x00000000ee300000)
  from space 6144K, 92% used [0x00000000ee300000,0x00000000ee892e18,0x00000000ee900000)
  to   space 127488K, 0% used [0x00000000f6480000,0x00000000f6480000,0x00000000fe100000)
 ParOldGen       total 309248K, used 177437K [0x0000000081600000, 0x0000000094400000, 0x00000000d5d00000)
  object space 309248K, 57% used [0x0000000081600000,0x000000008c347698,0x0000000094400000)
 Metaspace       used 43494K, capacity 44100K, committed 44460K, reserved 1087488K
  class space    used 5674K, capacity 5840K, committed 5888K, reserved 1048576K
Event: 1448.452 GC heap after
Heap after GC invocations=58 (full 5):
 PSYoungGen      total 518656K, used 6043K [0x00000000d5d00000, 0x00000000fd500000, 0x0000000100000000)
  eden space 403456K, 0% used [0x00000000d5d00000,0x00000000d5d00000,0x00000000ee700000)
  from space 115200K, 5% used [0x00000000f6480000,0x00000000f6a66d98,0x00000000fd500000)
  to   space 121856K, 0% used [0x00000000ee700000,0x00000000ee700000,0x00000000f5e00000)
 ParOldGen       total 309248K, used 177437K [0x0000000081600000, 0x0000000094400000, 0x00000000d5d00000)
  object space 309248K, 57% used [0x0000000081600000,0x000000008c347698,0x0000000094400000)
 Metaspace       used 43494K, capacity 44100K, committed 44460K, reserved 1087488K
  class space    used 5674K, capacity 5840K, committed 5888K, reserved 1048576K
}
Event: 2223.811 GC heap before
{Heap before GC invocations=59 (full 5):
 PSYoungGen      total 518656K, used 409499K [0x00000000d5d00000, 0x00000000fd500000, 0x0000000100000000)
  eden space 403456K, 100% used [0x00000000d5d00000,0x00000000ee700000,0x00000000ee700000)
  from space 115200K, 5% used [0x00000000f6480000,0x00000000f6a66d98,0x00000000fd500000)
  to   space 121856K, 0% used [0x00000000ee700000,0x00000000ee700000,0x00000000f5e00000)
 ParOldGen       total 309248K, used 177437K [0x0000000081600000, 0x0000000094400000, 0x00000000d5d00000)
  object space 309248K, 57% used [0x0000000081600000,0x000000008c347698,0x0000000094400000)
 Metaspace       used 43506K, capacity 44164K, committed 44460K, reserved 1087488K
  class space    used 5674K, capacity 5840K, committed 5888K, reserved 1048576K
Event: 2223.824 GC heap after
Heap after GC invocations=59 (full 5):
 PSYoungGen      total 409600K, used 6011K [0x00000000d5d00000, 0x00000000fcd00000, 0x0000000100000000)
  eden space 403456K, 0% used [0x00000000d5d00000,0x00000000d5d00000,0x00000000ee700000)
  from space 6144K, 97% used [0x00000000ee700000,0x00000000eecded98,0x00000000eed00000)
  to   space 116224K, 0% used [0x00000000f5b80000,0x00000000f5b80000,0x00000000fcd00000)
 ParOldGen       total 309248K, used 177437K [0x0000000081600000, 0x0000000094400000, 0x00000000d5d00000)
  object space 309248K, 57% used [0x0000000081600000,0x000000008c347698,0x0000000094400000)
 Metaspace       used 43506K, capacity 44164K, committed 44460K, reserved 1087488K
  class space    used 5674K, capacity 5840K, committed 5888K, reserved 1048576K
}
Event: 3117.240 GC heap before
{Heap before GC invocations=60 (full 5):
 PSYoungGen      total 409600K, used 409467K [0x00000000d5d00000, 0x00000000fcd00000, 0x0000000100000000)
  eden space 403456K, 100% used [0x00000000d5d00000,0x00000000ee700000,0x00000000ee700000)
  from space 6144K, 97% used [0x00000000ee700000,0x00000000eecded98,0x00000000eed00000)
  to   space 116224K, 0% used [0x00000000f5b80000,0x00000000f5b80000,0x00000000fcd00000)
 ParOldGen       total 309248K, used 177437K [0x0000000081600000, 0x0000000094400000, 0x00000000d5d00000)
  object space 309248K, 57% used [0x0000000081600000,0x000000008c347698,0x0000000094400000)
 Metaspace       used 43518K, capacity 44164K, committed 44460K, reserved 1087488K
  class space    used 5674K, capacity 5840K, committed 5888K, reserved 1048576K
Event: 3117.313 GC heap after
Heap after GC invocations=60 (full 5):
 PSYoungGen      total 509440K, used 5915K [0x00000000d5d00000, 0x00000000fc080000, 0x0000000100000000)
  eden space 406016K, 0% used [0x00000000d5d00000,0x00000000d5d00000,0x00000000ee980000)
  from space 103424K, 5% used [0x00000000f5b80000,0x00000000f6146d98,0x00000000fc080000)
  to   space 110080K, 0% used [0x00000000ee980000,0x00000000ee980000,0x00000000f5500000)
 ParOldGen       total 309248K, used 177437K [0x0000000081600000, 0x0000000094400000, 0x00000000d5d00000)
  object space 309248K, 57% used [0x0000000081600000,0x000000008c347698,0x0000000094400000)
 Metaspace       used 43518K, capacity 44164K, committed 44460K, reserved 1087488K
  class space    used 5674K, capacity 5840K, committed 5888K, reserved 1048576K
}
Event: 4015.216 GC heap before
{Heap before GC invocations=61 (full 5):
 PSYoungGen      total 509440K, used 411931K [0x00000000d5d00000, 0x00000000fc080000, 0x0000000100000000)
  eden space 406016K, 100% used [0x00000000d5d00000,0x00000000ee980000,0x00000000ee980000)
  from space 103424K, 5% used [0x00000000f5b80000,0x00000000f6146d98,0x00000000fc080000)
  to   space 110080K, 0% used [0x00000000ee980000,0x00000000ee980000,0x00000000f5500000)
 ParOldGen       total 309248K, used 177437K [0x0000000081600000, 0x0000000094400000, 0x00000000d5d00000)
  object space 309248K, 57% used [0x0000000081600000,0x000000008c347698,0x0000000094400000)
 Metaspace       used 43518K, capacity 44164K, committed 44460K, reserved 1087488K
  class space    used 5674K, capacity 5840K, committed 5888K, reserved 1048576K
Event: 4015.238 GC heap after
Heap after GC invocations=61 (full 5):
 PSYoungGen      total 396288K, used 5819K [0x00000000d5d00000, 0x00000000fa600000, 0x0000000100000000)
  eden space 390144K, 0% used [0x00000000d5d00000,0x00000000d5d00000,0x00000000eda00000)
  from space 6144K, 94% used [0x00000000ee980000,0x00000000eef2ed98,0x00000000eef80000)
  to   space 104448K, 0% used [0x00000000f4000000,0x00000000f4000000,0x00000000fa600000)
 ParOldGen       total 309248K, used 177445K [0x0000000081600000, 0x0000000094400000, 0x00000000d5d00000)
  object space 309248K, 57% used [0x0000000081600000,0x000000008c349698,0x0000000094400000)
 Metaspace       used 43518K, capacity 44164K, committed 44460K, reserved 1087488K
  class space    used 5674K, capacity 5840K, committed 5888K, reserved 1048576K
}

Deoptimization events (10 events):
Event: 4268.836 Thread 0x000000005f340000 Uncommon trap: reason=unstable_if action=reinterpret pc=0x000000000393e1f8 method=java.awt.Component.dispatchEventImpl(Ljava/awt/AWTEvent;)V @ 759
Event: 4268.836 Thread 0x000000005f340000 Uncommon trap: reason=unstable_if action=reinterpret pc=0x0000000003943880 method=java.awt.EventQueue.eventToCacheIndex(Ljava/awt/AWTEvent;)I @ 71
Event: 4268.836 Thread 0x000000005f340000 Uncommon trap: reason=class_check action=maybe_recompile pc=0x000000000395962c method=java.awt.EventQueue.setCurrentEventAndMostRecentTimeImpl(Ljava/awt/AWTEvent;)V @ 135
Event: 4268.840 Thread 0x000000005f340000 Uncommon trap: reason=unstable_if action=reinterpret pc=0x000000000392c82c method=java.awt.Window.getInputContext()Ljava/awt/im/InputContext; @ 11
Event: 4268.866 Thread 0x000000005f340000 Uncommon trap: reason=unstable_if action=reinterpret pc=0x0000000002f37860 method=sun.awt.AWTAutoShutdown.isReadyToShutdown()Z @ 16
Event: 4268.866 Thread 0x000000005ab7d000 Uncommon trap: reason=unstable_if action=reinterpret pc=0x0000000003520058 method=sun.awt.AWTAutoShutdown.isReadyToShutdown()Z @ 16
Event: 4268.875 Thread 0x000000005f340000 Uncommon trap: reason=unstable_if action=reinterpret pc=0x000000000392b134 method=sun.awt.AWTAutoShutdown.isReadyToShutdown()Z @ 16
Event: 4268.909 Thread 0x000000005f341800 Uncommon trap: reason=unstable_if action=reinterpret pc=0x000000000341b210 method=sun.java2d.d3d.D3DScreenUpdateManager.run()V @ 21
Event: 4270.174 Thread 0x000000005f33f800 Uncommon trap: reason=unstable_if action=reinterpret pc=0x000000000392e54c method=java.awt.EventQueue.postEvent(Ljava/awt/AWTEvent;I)V @ 32
Event: 4270.174 Thread 0x000000005f340000 Uncommon trap: reason=unstable_if action=reinterpret pc=0x0000000003959324 method=java.awt.EventQueue.dispatchEventImpl(Ljava/awt/AWTEvent;Ljava/lang/Object;)V @ 33

Internal exceptions (10 events):
Event: 1399.807 Thread 0x000000005ceda800 Exception <a 'java/io/IOException'> (0x00000000e05c6328) thrown at [C:\re\workspace\8-2-build-windows-amd64-cygwin\jdk8u121\8372\hotspot\src\share\vm\prims\jni.cpp, line 709]
Event: 1399.811 Thread 0x000000005eccc800 Exception <a 'java/io/IOException'> (0x00000000df362d68) thrown at [C:\re\workspace\8-2-build-windows-amd64-cygwin\jdk8u121\8372\hotspot\src\share\vm\prims\jni.cpp, line 709]
Event: 1406.751 Thread 0x000000005eccc800 Exception <a 'java/io/IOException'> (0x00000000e5931740) thrown at [C:\re\workspace\8-2-build-windows-amd64-cygwin\jdk8u121\8372\hotspot\src\share\vm\prims\jni.cpp, line 709]
Event: 1414.106 Thread 0x000000005ced9000 Exception <a 'java/io/IOException'> (0x00000000e527b600) thrown at [C:\re\workspace\8-2-build-windows-amd64-cygwin\jdk8u121\8372\hotspot\src\share\vm\prims\jni.cpp, line 709]
Event: 1414.115 Thread 0x000000005cedc000 Exception <a 'java/io/IOException'> (0x00000000e62bbfd8) thrown at [C:\re\workspace\8-2-build-windows-amd64-cygwin\jdk8u121\8372\hotspot\src\share\vm\prims\jni.cpp, line 709]
Event: 1419.471 Thread 0x000000005ced9000 Exception <a 'java/io/IOException'> (0x00000000ea21eeb8) thrown at [C:\re\workspace\8-2-build-windows-amd64-cygwin\jdk8u121\8372\hotspot\src\share\vm\prims\jni.cpp, line 709]
Event: 1423.335 Thread 0x000000005ced6800 Exception <a 'java/io/IOException'> (0x00000000ec6d7e90) thrown at [C:\re\workspace\8-2-build-windows-amd64-cygwin\jdk8u121\8372\hotspot\src\share\vm\prims\jni.cpp, line 709]
Event: 1455.056 Thread 0x000000005ced8000 Exception <a 'java/io/IOException'> (0x00000000d6ad1190) thrown at [C:\re\workspace\8-2-build-windows-amd64-cygwin\jdk8u121\8372\hotspot\src\share\vm\prims\jni.cpp, line 709]
Event: 1455.059 Thread 0x000000005cedc000 Exception <a 'java/io/IOException'> (0x00000000d68384b8) thrown at [C:\re\workspace\8-2-build-windows-amd64-cygwin\jdk8u121\8372\hotspot\src\share\vm\prims\jni.cpp, line 709]
Event: 4268.825 Thread 0x000000005ce67800 Implicit null exception at 0x000000000307393a to 0x0000000003074131

Events (10 events):
Event: 4270.205 Thread 0x00000000602f5800 Thread exited: 0x00000000602f5800
Event: 4270.206 Executing VM operation: RevokeBias
Event: 4270.206 Executing VM operation: RevokeBias done
Event: 4270.212 Thread 0x000000005890d800 flushing nmethod 0x0000000002707c50
Event: 4270.219 Executing VM operation: RevokeBias
Event: 4270.219 Executing VM operation: RevokeBias done
Event: 4270.223 Thread 0x000000005ad0a800 Thread exited: 0x000000005ad0a800
Event: 4270.276 Thread 0x000000005ab7d000 Thread exited: 0x000000005ab7d000
Event: 4270.305 Thread 0x000000005ad0d000 Thread exited: 0x000000005ad0d000
Event: 4270.305 Executing VM operation: Exit


Dynamic libraries:
0x000000013ff70000 - 0x000000013ffa7000 	C:\Program Files\Java\jdk1.8.0_121\bin\javaw.exe
0x0000000077040000 - 0x00000000771df000 	C:\Windows\SYSTEM32\ntdll.dll
0x0000000076e20000 - 0x0000000076f3f000 	C:\Windows\system32\kernel32.dll
0x000007fefcf10000 - 0x000007fefcf7a000 	C:\Windows\system32\KERNELBASE.dll
0x000007fefd460000 - 0x000007fefd53b000 	C:\Windows\system32\ADVAPI32.dll
0x000007fefd3b0000 - 0x000007fefd44f000 	C:\Windows\system32\msvcrt.dll
0x000007fefec50000 - 0x000007fefec6f000 	C:\Windows\SYSTEM32\sechost.dll
0x000007fefefa0000 - 0x000007feff0cd000 	C:\Windows\system32\RPCRT4.dll
0x0000000076f40000 - 0x000000007703a000 	C:\Windows\system32\USER32.dll
0x000007fefd540000 - 0x000007fefd5a7000 	C:\Windows\system32\GDI32.dll
0x000007fefd450000 - 0x000007fefd45e000 	C:\Windows\system32\LPK.dll
0x000007feff0d0000 - 0x000007feff19b000 	C:\Windows\system32\USP10.dll
0x000007fefaf90000 - 0x000007fefb184000 	C:\Windows\WinSxS\amd64_microsoft.windows.common-controls_6595b64144ccf1df_6.0.7601.18837_none_fa3b1e3d17594757\COMCTL32.dll
0x000007feff1a0000 - 0x000007feff211000 	C:\Windows\system32\SHLWAPI.dll
0x000007fefd380000 - 0x000007fefd3ae000 	C:\Windows\system32\IMM32.DLL
0x000007feff220000 - 0x000007feff329000 	C:\Windows\system32\MSCTF.dll
0x000000006a3d0000 - 0x000000006a4a2000 	C:\Program Files\Java\jdk1.8.0_121\jre\bin\msvcr100.dll
0x0000000064e30000 - 0x00000000656cb000 	C:\Program Files\Java\jdk1.8.0_121\jre\bin\server\jvm.dll
0x000007fef4ca0000 - 0x000007fef4ca9000 	C:\Windows\system32\WSOCK32.dll
0x000007fefd840000 - 0x000007fefd88d000 	C:\Windows\system32\WS2_32.dll
0x000007fefd170000 - 0x000007fefd178000 	C:\Windows\system32\NSI.dll
0x000007fef9e50000 - 0x000007fef9e8b000 	C:\Windows\system32\WINMM.dll
0x000007fefbdd0000 - 0x000007fefbddc000 	C:\Windows\system32\VERSION.dll
0x00000000771e0000 - 0x00000000771e7000 	C:\Windows\system32\PSAPI.DLL
0x000000006a3c0000 - 0x000000006a3cf000 	C:\Program Files\Java\jdk1.8.0_121\jre\bin\verify.dll
0x000000006a390000 - 0x000000006a3b9000 	C:\Program Files\Java\jdk1.8.0_121\jre\bin\java.dll
0x000000006a370000 - 0x000000006a386000 	C:\Program Files\Java\jdk1.8.0_121\jre\bin\zip.dll
0x000007fefd890000 - 0x000007fefe61b000 	C:\Windows\system32\SHELL32.dll
0x000007fefd180000 - 0x000007fefd37d000 	C:\Windows\system32\ole32.dll
0x000007fefcd10000 - 0x000007fefcd1f000 	C:\Windows\system32\profapi.dll
0x0000000066950000 - 0x0000000066ae8000 	C:\Program Files\Java\jdk1.8.0_121\jre\bin\awt.dll
0x000007fefeb70000 - 0x000007fefec4a000 	C:\Windows\system32\OLEAUT32.dll
0x000007fefa3f0000 - 0x000007fefa446000 	C:\Windows\system32\uxtheme.dll
0x000007fef97a0000 - 0x000007fef97b8000 	C:\Windows\system32\dwmapi.dll
0x000007fefcbb0000 - 0x000007fefcbbf000 	C:\Windows\system32\CRYPTBASE.dll
0x000000006f7c0000 - 0x000000006f7cd000 	C:\Program Files\Java\jdk1.8.0_121\jre\bin\management.dll
0x0000000069f50000 - 0x0000000069f6a000 	C:\Program Files\Java\jdk1.8.0_121\jre\bin\net.dll
0x000007fefc4e0000 - 0x000007fefc535000 	C:\Windows\system32\mswsock.dll
0x000007fefc4d0000 - 0x000007fefc4d7000 	C:\Windows\System32\wship6.dll
0x000007fefaee0000 - 0x000007fefaef5000 	C:\Windows\system32\NLAapi.dll
0x000007fef1db0000 - 0x000007fef1dc5000 	C:\Windows\system32\napinsp.dll
0x000007fef15c0000 - 0x000007fef15d9000 	C:\Windows\system32\pnrpnsp.dll
0x000007fefc360000 - 0x000007fefc3bb000 	C:\Windows\system32\DNSAPI.dll
0x000007fef1fa0000 - 0x000007fef1fab000 	C:\Windows\System32\winrnr.dll
0x000007fef1da0000 - 0x000007fef1db0000 	C:\Windows\system32\wshbth.dll
0x000007fefbea0000 - 0x000007fefbea7000 	C:\Windows\System32\wshtcpip.dll
0x000007fef9d00000 - 0x000007fef9d27000 	C:\Windows\system32\IPHLPAPI.DLL
0x000007fef9cf0000 - 0x000007fef9cfb000 	C:\Windows\system32\WINNSI.DLL
0x000007fefab10000 - 0x000007fefab18000 	C:\Windows\system32\rasadhlp.dll
0x000007fef9b40000 - 0x000007fef9b93000 	C:\Windows\System32\fwpuclnt.dll
0x0000000069f30000 - 0x0000000069f41000 	C:\Program Files\Java\jdk1.8.0_121\jre\bin\nio.dll
0x000007fefc540000 - 0x000007fefc558000 	C:\Windows\system32\CRYPTSP.dll
0x000007fefc240000 - 0x000007fefc287000 	C:\Windows\system32\rsaenh.dll
0x000007fefcfd0000 - 0x000007fefcfee000 	C:\Windows\system32\USERENV.dll
0x000007fef9a10000 - 0x000007fef9a28000 	C:\Windows\system32\dhcpcsvc.DLL
0x000007fef9a30000 - 0x000007fef9a41000 	C:\Windows\system32\dhcpcsvc6.DLL
0x000007fefcb50000 - 0x000007fefcba7000 	C:\Windows\system32\apphelp.dll
0x000007feebc70000 - 0x000007feebd8d000 	C:\Windows\system32\opengl32.dll
0x000007fef2e30000 - 0x000007fef2e5d000 	C:\Windows\system32\GLU32.dll
0x000007feeb480000 - 0x000007feeb571000 	C:\Windows\system32\DDRAW.dll
0x000007fef9180000 - 0x000007fef9188000 	C:\Windows\system32\DCIMAN32.dll
0x000007fefe990000 - 0x000007fefeb67000 	C:\Windows\system32\SETUPAPI.dll
0x000007fefcff0000 - 0x000007fefd026000 	C:\Windows\system32\CFGMGR32.dll
0x000007fefcd40000 - 0x000007fefcd5a000 	C:\Windows\system32\DEVOBJ.dll
0x000007fef4fd0000 - 0x000007fef51cf000 	C:\Windows\system32\d3d9.dll
0x000007fefa5b0000 - 0x000007fefa5b7000 	C:\Windows\system32\d3d8thk.dll
0x0000000180000000 - 0x0000000180188000 	C:\Windows\system32\nvspcap64.dll
0x000007fee9700000 - 0x000007fee986b000 	C:\Program Files (x86)\NVIDIA Corporation\3D Vision\nvSCPAPI64.dll
0x000007fef4100000 - 0x000007fef444c000 	C:\Windows\system32\nvapi64.dll
0x000007fefcf90000 - 0x000007fefcfcb000 	C:\Windows\system32\WINTRUST.dll
0x000007fefcd90000 - 0x000007fefcefd000 	C:\Windows\system32\CRYPT32.dll
0x000007fefcd20000 - 0x000007fefcd2f000 	C:\Windows\system32\MSASN1.dll
0x0000000069ee0000 - 0x0000000069f27000 	C:\Program Files\Java\jdk1.8.0_121\jre\bin\fontmanager.dll
0x0000000069ed0000 - 0x0000000069ed7000 	C:\Program Files\Java\jdk1.8.0_121\jre\bin\jawt.dll
0x000007feec590000 - 0x000007feec62c000 	C:\Users\Niall\.snap\cef\3.3396.1775.g5340bb0\chrome_elf.dll
0x000007feecb40000 - 0x000007feecb43000 	C:\Windows\system32\api-ms-win-core-synch-l1-2-0.DLL
0x000007fecee10000 - 0x000007fed4ec0000 	C:\Users\Niall\.snap\cef\3.3396.1775.g5340bb0\libcef.dll
0x000007fefd0d0000 - 0x000007fefd167000 	C:\Windows\system32\COMDLG32.dll
0x000007fefb1f0000 - 0x000007fefb206000 	C:\Windows\system32\NETAPI32.dll
0x000007fefb1d0000 - 0x000007fefb1dc000 	C:\Windows\system32\netutils.dll
0x000007fefc7e0000 - 0x000007fefc803000 	C:\Windows\system32\srvcli.dll
0x000007fefaf70000 - 0x000007fefaf85000 	C:\Windows\system32\wkscli.dll
0x000007fef8bc0000 - 0x000007fef8bd4000 	C:\Windows\system32\SAMCLI.DLL
0x000007fefc970000 - 0x000007fefc97b000 	C:\Windows\system32\Secur32.dll
0x000007fefcb20000 - 0x000007fefcb45000 	C:\Windows\system32\SSPICLI.DLL
0x000007fefad50000 - 0x000007fefada4000 	C:\Windows\system32\OLEACC.dll
0x000007fef9a00000 - 0x000007fef9a0b000 	C:\Windows\system32\HID.DLL
0x000007feeccb0000 - 0x000007feecdd5000 	C:\Windows\system32\dbghelp.dll
0x000007fef4080000 - 0x000007fef40f1000 	C:\Windows\system32\WINSPOOL.DRV
0x000007fef2e60000 - 0x000007fef2e94000 	C:\Windows\system32\credui.dll
0x000007fefb450000 - 0x000007fefb55a000 	C:\Windows\system32\CRYPTUI.dll
0x000007fefb9d0000 - 0x000007fefbafc000 	C:\Windows\system32\PROPSYS.dll
0x000007fefc6c0000 - 0x000007fefc710000 	C:\Windows\system32\ncrypt.dll
0x000007fefc690000 - 0x000007fefc6b2000 	C:\Windows\system32\bcrypt.dll
0x000007fefd6b0000 - 0x000007fefd835000 	C:\Windows\system32\urlmon.dll
0x000007fefcf80000 - 0x000007fefcf84000 	C:\Windows\system32\api-ms-win-downlevel-ole32-l1-1-0.dll
0x000007fefcf00000 - 0x000007fefcf04000 	C:\Windows\system32\api-ms-win-downlevel-shlwapi-l1-1-0.dll
0x000007fefcd70000 - 0x000007fefcd75000 	C:\Windows\system32\api-ms-win-downlevel-advapi32-l1-1-0.dll
0x000007fefcd30000 - 0x000007fefcd34000 	C:\Windows\system32\api-ms-win-downlevel-user32-l1-1-0.dll
0x000007fefcd80000 - 0x000007fefcd84000 	C:\Windows\system32\api-ms-win-downlevel-version-l1-1-0.dll
0x000007fefcd60000 - 0x000007fefcd63000 	C:\Windows\system32\api-ms-win-downlevel-normaliz-l1-1-0.dll
0x00000000771f0000 - 0x00000000771f3000 	C:\Windows\system32\normaliz.DLL
0x000007fefe640000 - 0x000007fefe90a000 	C:\Windows\system32\iertutil.dll
0x000007fefec70000 - 0x000007fefef91000 	C:\Windows\system32\WININET.dll
0x000007fefa6d0000 - 0x000007fefa741000 	C:\Windows\system32\WINHTTP.dll
0x000007fefa650000 - 0x000007fefa6b5000 	C:\Windows\system32\webio.dll
0x000007feec9a0000 - 0x000007feecb37000 	C:\Windows\system32\DWrite.dll
0x000007fef1ab0000 - 0x000007fef1b0d000 	C:\Windows\system32\dxgi.dll
0x000007fef18d0000 - 0x000007fef1aa5000 	C:\Windows\system32\d3d11.dll
0x000007fefbf60000 - 0x000007fefbf71000 	C:\Windows\system32\WTSAPI32.dll
0x000007fef9150000 - 0x000007fef9171000 	C:\Windows\system32\dxva2.dll
0x000007fee7f10000 - 0x000007fee7fe8000 	C:\Users\Niall\.snap\cef\3.3396.1775.g5340bb0\jcef.dll
0x000007fef98b0000 - 0x000007fef98ff000 	C:\Windows\system32\audioses.dll
0x000007fefbb00000 - 0x000007fefbb4b000 	C:\Windows\system32\MMDevAPI.DLL
0x000007fefd610000 - 0x000007fefd6a9000 	C:\Windows\system32\CLBCatQ.DLL
0x000007fef4b30000 - 0x000007fef4bcc000 	C:\Windows\system32\mscms.dll
0x000007fef11b0000 - 0x000007fef11f2000 	C:\Windows\system32\icm32.dll
0x000007fef8cf0000 - 0x000007fef8d10000 	C:\Windows\system32\wlanapi.dll
0x000007fef9650000 - 0x000007fef9657000 	C:\Windows\system32\wlanutil.dll
0x000007fefc090000 - 0x000007fefc0cd000 	C:\Windows\system32\WINSTA.dll
0x000007fefc110000 - 0x000007fefc11a000 	C:\Windows\system32\credssp.dll

VM Arguments:
jvm_args: -Dfile.encoding=ISO-8859-1 
java_command: org.snapscript.studio.StudioApplication --directory=work --port=4457 --agent-pool=4 --log-level=DEBUG --client-debug=false
java_class_path (initial): C:\Work\development\snapscript\snap-develop\snap-studio\target\classes;C:\Work\development\snapscript\snap-develop\snap-studio-build\target\classes;C:\Work\development\snapscript\snap-develop\snap-studio-common\target\classes;C:\Users\Niall\.m2\repository\com\google\code\gson\gson\2.8.2\gson-2.8.2.jar;C:\Work\development\snapscript\snap\snap-compile\target\classes;C:\Work\development\snapscript\snap\snap-core\target\classes;C:\Work\development\snapscript\snap\snap-common\target\classes;C:\Work\development\snapscript\snap\snap-parse\target\classes;C:\Work\development\snapscript\snap\snap-tree\target\classes;C:\Users\Niall\.m2\repository\javax\ws\rs\javax.ws.rs-api\2.0.1\javax.ws.rs-api-2.0.1.jar;C:\Users\Niall\.m2\repository\javax\inject\javax.inject\1\javax.inject-1.jar;C:\Users\Niall\.m2\repository\org\glassfish\jersey\media\jersey-media-json-jackson\2.25.1\jersey-media-json-jackson-2.25.1.jar;C:\Users\Niall\.m2\repository\org\glassfish\jersey\ext\jersey-entity-filtering\2.25.1\jersey-entity-filtering-2.25.1.jar;C:\Users\Niall\.m2\repository\com\fasterxml\jackson\jaxrs\jackson-jaxrs-base\2.8.10\jackson-jaxrs-base-2.8.10.jar;C:\Users\Niall\.m2\repository\com\fasterxml\jackson\core\jackson-core\2.8.10\jackson-core-2.8.10.jar;C:\Users\Niall\.m2\repository\com\fasterxml\jackson\core\jackson-databind\2.8.10\jackson-databind-2.8.10.jar;C:\Users\Niall\.m2\repository\com\fasterxml\jackson\jaxrs\jackson-jaxrs-json-provider\2.8.10\jackson-jaxrs-json-provider-2.8.10.jar;C:\Users\Niall\.m2\repository\com\fasterxml\jackson\module\jackson-module-jaxb-annotations\2.8.10\jackson-module-jaxb-annotations-2.8.10.jar;C:\Users\Niall\.m2\repository\com\fasterxml\jackson\core\jackson-annotations\2.8.0\jackson-annotations-2.8.0.jar;C:\Users\Niall\.m2\repository\org\glassfish\hk2\hk2-api\2.5.0-b61\hk2-api-2.5.0-b61.jar;C:\Users\Niall\.m2\repository\org\glassfish\hk2\hk2-utils\2.5.0-b61\hk2-utils-2.5.0-b61.jar;C:\Users\Niall\.m2\repository\org\glassfish\hk2\exte
Launcher Type: SUN_STANDARD

Environment Variables:
JAVA_HOME=C:\Program Files\Java\jdk1.8.0_60
PATH=C:/Program Files/Java/jre1.8.0_121/bin/server;C:/Program Files/Java/jre1.8.0_121/bin;C:/Program Files/Java/jre1.8.0_121/lib/amd64;C:\ProgramData\Oracle\Java\javapath;C:\Program Files (x86)\NVIDIA Corporation\PhysX\Common;C:\Program Files\Java\jdk1.8.0_60\bin;C:\Windows\system32;C:\Windows;C:\Windows\System32\Wbem;C:\Windows\System32\WindowsPowerShell\v1.0\;C:\Program Files\Maven\3.5.2\bin;C:\Program Files\Ant\1.9.3\bin;C:\Program Files\Microsoft SQL Server\110\Tools\Binn\;C:\Program Files\Google\Cloud SDK\google-cloud-sdk\bin;C:\Program Files (x86)\GNU\GnuPG\pub;C:\Work\tools\snap;C:\Program Files\SlikSvn\bin;C:\Program Files\nodejs\;C:\Program Files\CMake\bin;C:\Work\tools\git\bin;C:\cygwin\bin;C:\Program Files\Microsoft VS Code\bin;C:\Users\Niall\AppData\Roaming\npm;C:\Users\Niall\AppData\Local\hyper\app-2.0.0\resources\bin;C:\Program Files\Eclipse\luna-classic;
USERNAME=Niall
OS=Windows_NT
PROCESSOR_IDENTIFIER=Intel64 Family 6 Model 58 Stepping 9, GenuineIntel



---------------  S Y S T E M  ---------------

OS: Windows 7 , 64 bit Build 7601 (6.1.7601.24168)

CPU:total 8 (4 cores per cpu, 2 threads per core) family 6 model 58 stepping 9, cmov, cx8, fxsr, mmx, sse, sse2, sse3, ssse3, sse4.1, sse4.2, popcnt, avx, aes, clmul, erms, ht, tsc, tscinvbit, tscinv

Memory: 4k page, physical 8293064k(3042632k free), swap 16584252k(10539080k free)

vm_info: Java HotSpot(TM) 64-Bit Server VM (25.121-b13) for windows-amd64 JRE (1.8.0_121-b13), built on Dec 12 2016 18:21:36 by "java_re" with MS VC++ 10.0 (VS2010)

time: Sun Aug 19 07:30:25 2018
elapsed time: 4271 seconds (0d 1h 11m 11s)

